<?xml version="1.0" encoding="UTF-8"?>
<!-- Generated by org.testng.reporters.JUnitReportReporter -->
<testsuite hostname="Rajat" failures="0" tests="1" name="com.facebook.testscript.UpdateProfile" time="10.918" errors="0" timestamp="2023-10-02T16:12:59 IST" skipped="0">
  <testcase classname="com.facebook.testscript.UpdateProfile" name="loginNewUser" time="10.918"/>
  <system-out>
    <![CDATA[Open Browser
Login
Logout
Close Browser]]>
  </system-out>
</testsuite> <!-- com.facebook.testscript.UpdateProfile -->
